2026-03-07 20:29:07,155 [okx] {"type": "status", "exchange": "okx", "connectionStatus": "reconnecting"}
2026-03-07 20:29:08,500 [okx] {"type": "status", "exchange": "okx", "connectionStatus": "reconnecting"}
2026-03-07 20:29:10,834 [okx] {"type": "status", "exchange": "okx", "connectionStatus": "disconnected"}
2026-03-07 20:30:25,264 [okx] {"type": "status", "exchange": "okx", "connectionStatus": "reconnecting"}
2026-03-07 20:30:26,642 [okx] {"type": "status", "exchange": "okx", "connectionStatus": "reconnecting"}
2026-03-07 20:30:28,917 [okx] {"type": "status", "exchange": "okx", "connectionStatus": "disconnected"}
2026-03-07 20:30:42,882 [okx] {"type": "status", "exchange": "okx", "connectionStatus": "reconnecting"}
2026-03-07 20:30:44,139 [okx] {"type": "status", "exchange": "okx", "connectionStatus": "reconnecting"}
2026-03-07 20:30:46,401 [okx] {"type": "status", "exchange": "okx", "connectionStatus": "disconnected"}
2026-03-07 20:42:49,076 [okx] {"type": "status", "exchange": "okx", "connectionStatus": "reconnecting"}
2026-03-07 20:42:49,646 [okx] {"type": "status", "exchange": "okx", "connectionStatus": "reconnecting"}
2026-03-07 20:42:50,932 [okx] {"type": "status", "exchange": "okx", "connectionStatus": "reconnecting"}
2026-03-07 20:42:53,268 [okx] {"type": "status", "exchange": "okx", "connectionStatus": "disconnected"}
2026-03-07 20:48:23,542 [okx] {"type": "status", "exchange": "okx", "connectionStatus": "connected"}
2026-03-07 20:49:02,469 [okx] {"type": "status", "exchange": "okx", "connectionStatus": "connected"}
2026-03-07 21:37:17,084 [okx] {"type": "status", "exchange": "okx", "connectionStatus": "connected"}
2026-03-07 21:39:27,468 [okx] {"type": "order_event", "exchange": "okx", "pair": "ETH/USD", "orderId": "3369441008506163200", "status": "live", "side": "buy", "price": 2000.0, "size": 1.0, "timestamp": "1772919567201"}
2026-03-07 21:39:27,469 [okx] {"type": "order_event", "exchange": "okx", "pair": "ETH/USD", "orderId": "3369441008506163200", "status": "filled", "side": "buy", "price": 2000.0, "size": 1.0, "timestamp": "1772919567202"}
2026-03-07 21:47:00,316 [okx] {"type": "status", "exchange": "okx", "connectionStatus": "connected"}
2026-03-07 21:47:04,514 [okx] {"type": "status", "exchange": "okx", "connectionStatus": "connected"}
2026-03-07 21:48:40,000 [okx] {"type": "status", "exchange": "okx", "connectionStatus": "connected"}
2026-03-07 21:49:36,623 [okx] {"type": "status", "exchange": "okx", "connectionStatus": "connected"}
2026-03-07 21:49:57,913 [okx] {"type": "status", "exchange": "okx", "connectionStatus": "connected"}
2026-03-07 21:50:05,932 [okx] {"type": "status", "exchange": "okx", "connectionStatus": "connected"}
2026-03-07 22:06:12,088 [okx] {"type": "status", "exchange": "okx", "connectionStatus": "connected"}
2026-03-07 22:06:23,254 [okx] {"type": "order_event", "exchange": "okx", "pair": "ETH/USD", "orderId": "3369495224515874816", "status": "live", "side": "buy", "price": 1971.0, "size": 1.0, "timestamp": "1772921182964"}
2026-03-07 22:06:23,255 [okx] {"type": "order_event", "exchange": "okx", "pair": "ETH/USD", "orderId": "3369495224515874816", "status": "partially_filled", "side": "buy", "price": 1971.0, "size": 1.0, "timestamp": "1772921182965"}
2026-03-07 22:06:23,255 [okx] {"type": "order_event", "exchange": "okx", "pair": "ETH/USD", "orderId": "3369495224515874816", "status": "partially_filled", "side": "buy", "price": 1971.0, "size": 1.0, "timestamp": "1772921182965"}
2026-03-07 22:06:23,255 [okx] {"type": "order_event", "exchange": "okx", "pair": "ETH/USD", "orderId": "3369495224515874816", "status": "filled", "side": "buy", "price": 1971.0, "size": 1.0, "timestamp": "1772921182965"}
2026-03-07 22:10:59,986 [okx] {"type": "status", "exchange": "okx", "connectionStatus": "connected"}
2026-03-08 00:43:11,823 [okx] {"type": "status", "exchange": "okx", "connectionStatus": "connected"}
2026-03-08 00:44:34,418 [okx] {"type": "status", "exchange": "okx", "connectionStatus": "connected"}
2026-03-08 00:44:55,618 [okx] {"type": "status", "exchange": "okx", "connectionStatus": "connected"}
2026-03-08 00:48:13,814 [okx] {"type": "status", "exchange": "okx", "connectionStatus": "connected"}
2026-03-08 00:55:36,255 [okx] {"type": "status", "exchange": "okx", "connectionStatus": "connected"}
2026-03-08 00:56:10,678 [okx] {"type": "status", "exchange": "okx", "connectionStatus": "connected"}
2026-03-08 00:57:21,861 [okx] {"type": "status", "exchange": "okx", "connectionStatus": "connected"}
2026-03-08 00:58:26,045 [okx] {"type": "status", "exchange": "okx", "connectionStatus": "connected"}
2026-03-08 00:59:16,414 [okx] {"type": "status", "exchange": "okx", "connectionStatus": "connected"}
2026-03-08 01:00:59,633 [okx] {"type": "status", "exchange": "okx", "connectionStatus": "connected"}
2026-03-08 01:01:23,369 [okx] {"type": "status", "exchange": "okx", "connectionStatus": "connected"}
2026-03-09 18:29:26,210 [okx] {"type": "status", "exchange": "okx", "connectionStatus": "connected"}
2026-03-09 19:53:47,506 [okx] {"type": "status", "exchange": "okx", "connectionStatus": "connected"}
2026-03-09 19:57:34,551 [okx] {"type": "status", "exchange": "okx", "connectionStatus": "connected"}
2026-03-09 19:59:12,066 [okx] {"type": "status", "exchange": "okx", "connectionStatus": "connected"}
2026-03-31 03:16:44,746 [okx] {"type": "status", "exchange": "okx", "connectionStatus": "connected"}
2026-04-02 23:33:12,617 [kraken] {"type": "status", "exchange": "kraken", "connectionStatus": "connected"}
2026-04-02 23:33:12,625 [kraken] {"type": "order_event", "exchange": "kraken", "pair": "USDD/USD", "orderId": "ON7JJS-Q5F25-WNABJY", "status": "live", "side": "sell", "price": 1.0011, "size": 37.25365, "timestamp": "2026-04-02T23:31:57.166793Z"}
2026-04-02 23:33:12,626 [kraken] {"type": "order_event", "exchange": "kraken", "pair": "USDD/USD", "orderId": "OGNJIL-TIRTP-ZVNWCS", "status": "live", "side": "sell", "price": 1.0012, "size": 5.0, "timestamp": "2026-04-02T00:54:50.525535Z"}
2026-04-02 23:33:12,627 [kraken] {"type": "order_event", "exchange": "kraken", "pair": "USDQ/EUR", "orderId": "OGSU5A-QXMOD-6BDGRE", "status": "live", "side": "sell", "price": 0.8665, "size": 33.58135, "timestamp": "2026-04-02T20:53:43.435505Z"}
2026-04-02 23:33:12,628 [kraken] {"type": "order_event", "exchange": "kraken", "pair": "USDQ/USD", "orderId": "OECP32-KJLHL-5MKO4X", "status": "live", "side": "sell", "price": 1.0015, "size": 11.70118, "timestamp": "2026-04-02T21:11:36.174857Z"}
2026-04-02 23:33:12,628 [kraken] {"type": "order_event", "exchange": "kraken", "pair": "EUROP/EUR", "orderId": "O5ZDOS-F32RI-OTQZGK", "status": "live", "side": "sell", "price": 1.0401, "size": 100.8268, "timestamp": "2026-04-02T14:34:49.691746Z"}
2026-04-02 23:33:12,629 [kraken] {"type": "order_event", "exchange": "kraken", "pair": "EURR/USDT", "orderId": "OACZVG-6BSKT-7FYCAN", "status": "live", "side": "sell", "price": 1.1583, "size": 20.83164, "timestamp": "2026-04-02T22:11:17.070062Z"}
2026-04-02 23:33:12,629 [kraken] {"type": "order_event", "exchange": "kraken", "pair": "USDS/EUR", "orderId": "OBYX33-XQ6WF-CQVSHD", "status": "live", "side": "sell", "price": 0.8759, "size": 332.594534, "timestamp": "2026-04-02T18:56:05.080014Z"}
2026-04-02 23:33:54,502 [kraken] {"type": "order_event", "exchange": "kraken", "pair": "USDD/USD", "orderId": "ON7JJS-Q5F25-WNABJY", "status": "live", "side": "", "price": 1.0012, "size": 37.25365, "timestamp": "2026-04-02T23:33:54.555418Z"}
2026-04-02 23:33:54,821 [kraken] {"type": "order_event", "exchange": "kraken", "pair": "USDD/USD", "orderId": "ON7JJS-Q5F25-WNABJY", "status": "live", "side": "", "price": 1.0011, "size": 37.25365, "timestamp": "2026-04-02T23:33:54.875022Z"}
2026-04-02 23:34:03,254 [kraken] {"type": "order_event", "exchange": "kraken", "pair": "USDD/USD", "orderId": "ON7JJS-Q5F25-WNABJY", "status": "live", "side": "", "price": 1.0012, "size": 37.25365, "timestamp": "2026-04-02T23:34:03.305996Z"}
2026-04-02 23:34:04,622 [kraken] {"type": "order_event", "exchange": "kraken", "pair": "USDD/USD", "orderId": "ON7JJS-Q5F25-WNABJY", "status": "live", "side": "", "price": 1.0011, "size": 37.25365, "timestamp": "2026-04-02T23:34:04.615587Z"}
2026-04-02 23:34:04,852 [kraken] {"type": "order_event", "exchange": "kraken", "pair": "USDD/USD", "orderId": "ON7JJS-Q5F25-WNABJY", "status": "live", "side": "", "price": 1.0012, "size": 37.25365, "timestamp": "2026-04-02T23:34:04.902940Z"}
